0 info it worked if it ends with ok
1 verbose cli [ 'C:\\Program Files\\nodejs\\node.exe',
1 verbose cli   'C:\\Program Files\\nodejs\\node_modules\\npm\\bin\\npm-cli.js',
1 verbose cli   'publish' ]
2 info using npm@3.10.10
3 info using node@v6.10.2
4 verbose publish [ '.' ]
5 silly cache add args [ '.', null ]
6 verbose cache add spec .
7 silly cache add parsed spec Result {
7 silly cache add   raw: '.',
7 silly cache add   scope: null,
7 silly cache add   escapedName: null,
7 silly cache add   name: null,
7 silly cache add   rawSpec: '.',
7 silly cache add   spec: 'C:\\node\\dxf_drawing',
7 silly cache add   type: 'directory' }
8 verbose addLocalDirectory C:\Users\ognjen\AppData\Roaming\npm-cache\dxf-writer\1.0.0\package.tgz not in flight; packing
9 verbose correctMkdir C:\Users\ognjen\AppData\Roaming\npm-cache correctMkdir not in flight; initializing
10 info lifecycle dxf-writer@1.0.0~prepublish: dxf-writer@1.0.0
11 silly lifecycle dxf-writer@1.0.0~prepublish: no script for prepublish, continuing
12 verbose tar pack [ 'C:\\Users\\ognjen\\AppData\\Roaming\\npm-cache\\dxf-writer\\1.0.0\\package.tgz',
12 verbose tar pack   'C:\\node\\dxf_drawing' ]
13 verbose tarball C:\Users\ognjen\AppData\Roaming\npm-cache\dxf-writer\1.0.0\package.tgz
14 verbose folder C:\node\dxf_drawing
15 verbose addLocalTarball adding from inside cache C:\Users\ognjen\AppData\Roaming\npm-cache\dxf-writer\1.0.0\package.tgz
16 verbose correctMkdir C:\Users\ognjen\AppData\Roaming\npm-cache correctMkdir not in flight; initializing
17 silly cache afterAdd dxf-writer@1.0.0
18 verbose afterAdd C:\Users\ognjen\AppData\Roaming\npm-cache\dxf-writer\1.0.0\package\package.json not in flight; writing
19 verbose correctMkdir C:\Users\ognjen\AppData\Roaming\npm-cache correctMkdir not in flight; initializing
20 verbose afterAdd C:\Users\ognjen\AppData\Roaming\npm-cache\dxf-writer\1.0.0\package\package.json written
21 silly publish { name: 'dxf-writer',
21 silly publish   version: '1.0.0',
21 silly publish   description: 'Dead simple 2D DXF writer',
21 silly publish   main: 'index.js',
21 silly publish   directories: { example: 'examples' },
21 silly publish   scripts:
21 silly publish    { test: 'echo "Error: no test specified" && exit 1',
21 silly publish      bundle: 'browserify -r ./src/Arc.js -r ./src/Circle.js -r ./src/Layer.js  -r ./src/Line.js  -r ./src/Line.js  -r ./src/Text.js  -r ./src/Drawing.js:Drawing > ./examples/browser/dxf_bundle.js' },
21 silly publish   repository:
21 silly publish    { type: 'git',
21 silly publish      url: 'git+https://github.com/ognjen-petrovic/js-dxf.git' },
21 silly publish   keywords: [ 'DXF', 'CAD', 'AutoCAD' ],
21 silly publish   author: { name: 'Ognjen Petrovic' },
21 silly publish   license: 'MIT',
21 silly publish   bugs: { url: 'https://github.com/ognjen-petrovic/js-dxf/issues' },
21 silly publish   homepage: 'https://github.com/ognjen-petrovic/js-dxf#readme',
21 silly publish   readme: '# JavaScript DXF writer\r\n\r\nDead simple 2D [DXF](https://en.wikipedia.org/wiki/AutoCAD_DXF) writer. \r\n2D space only (z is always 0).\r\n\r\n## Installing\r\n```\r\nnpm install dxf-writer\r\n```\r\n\r\nSupported entities: line, arc, circle and text.\r\nSupported colors: red, green, cyan, blue, magenta and white.\r\n3 line type out of the box (CONTINOUS, DASHED, DOTTED) with the ability to add a custom line type.\r\n\r\n```javascript\r\nlet d = new Drawing();\r\nd.addLineType(\'DASHDOT\', \'_ . _ \', [0.5, -0.5, 0.0, -0.5]);\r\n```\r\n\r\n## Example\r\n```javascript\r\nconst Drawing = require(\'dxf-writer\');\r\nconst fs = require(\'fs\');\r\n\r\nlet d = new Drawing();\r\n\r\nd.drawText(10, 0, 10, 0, \'Hello World\'); // draw text in the default layer named "0"\r\nd.addLayer(\'l_green\', Drawing.ACI.GREEN, \'CONTINOUS\');\r\nd.setActiveLayer(\'l_green\');\r\nd.drawText(20, -70, 10, 0, \'go green!\');\r\n\r\n//or fluent\r\nd.addLayer(\'l_yellow\', Drawing.ACI.YELLOW, \'DOTTED\')\r\n .setActiveLayer(\'l_yellow\')\r\n .drawCircle(50, -30, 25);\r\n\r\nfs.writeFileSync(__filename + \'.dxf\', d.toDxfString());\r\n```\r\nExample preview in the LibreCAD:\r\n![exmple in LibreCAD](https://github.com/ognjen-petrovic/js-dxf/blob/master/examples/demo.png "example in LibreCAD")\r\n',
21 silly publish   readmeFilename: 'README.md',
21 silly publish   gitHead: '1998ab9f5f6c5119055b23aed6c50f167b33bb37',
21 silly publish   _id: 'dxf-writer@1.0.0',
21 silly publish   _shasum: '39728494b4c7f27345f8a1785428c9fff9b1f8c9',
21 silly publish   _from: '.' }
22 verbose getPublishConfig undefined
23 silly mapToRegistry name dxf-writer
24 silly mapToRegistry using default registry
25 silly mapToRegistry registry https://registry.npmjs.org/
26 silly mapToRegistry data Result {
26 silly mapToRegistry   raw: 'dxf-writer',
26 silly mapToRegistry   scope: null,
26 silly mapToRegistry   escapedName: 'dxf-writer',
26 silly mapToRegistry   name: 'dxf-writer',
26 silly mapToRegistry   rawSpec: '',
26 silly mapToRegistry   spec: 'latest',
26 silly mapToRegistry   type: 'tag' }
27 silly mapToRegistry uri https://registry.npmjs.org/dxf-writer
28 verbose publish registryBase https://registry.npmjs.org/
29 silly publish uploading C:\Users\ognjen\AppData\Roaming\npm-cache\dxf-writer\1.0.0\package.tgz
30 verbose request uri https://registry.npmjs.org/dxf-writer
31 verbose request sending authorization for write operation
32 info attempt registry request try #1 at 8:42:24 AM
33 verbose request using bearer token for auth
34 verbose request id d32f5c8b8f6b29a4
35 http request PUT https://registry.npmjs.org/dxf-writer
36 http 403 https://registry.npmjs.org/dxf-writer
37 verbose headers { 'content-type': 'application/json',
37 verbose headers   'cache-control': 'max-age=300',
37 verbose headers   'content-length': '95',
37 verbose headers   'accept-ranges': 'bytes',
37 verbose headers   date: 'Fri, 04 Aug 2017 06:42:26 GMT',
37 verbose headers   via: '1.1 varnish',
37 verbose headers   connection: 'keep-alive',
37 verbose headers   'x-served-by': 'cache-hhn1549-HHN',
37 verbose headers   'x-cache': 'MISS',
37 verbose headers   'x-cache-hits': '0',
37 verbose headers   'x-timer': 'S1501828945.074794,VS0,VE1165',
37 verbose headers   vary: 'Accept-Encoding, Accept' }
38 verbose request invalidating C:\Users\ognjen\AppData\Roaming\npm-cache\registry.npmjs.org\dxf-writer on PUT
39 error publish Failed PUT 403
40 verbose stack Error: "You cannot publish over the previously published version 1.0.0." : dxf-writer
40 verbose stack     at makeError (C:\Program Files\nodejs\node_modules\npm\node_modules\npm-registry-client\lib\request.js:302:12)
40 verbose stack     at CachingRegistryClient.<anonymous> (C:\Program Files\nodejs\node_modules\npm\node_modules\npm-registry-client\lib\request.js:290:14)
40 verbose stack     at Request._callback (C:\Program Files\nodejs\node_modules\npm\node_modules\npm-registry-client\lib\request.js:210:14)
40 verbose stack     at Request.self.callback (C:\Program Files\nodejs\node_modules\npm\node_modules\request\request.js:187:22)
40 verbose stack     at emitTwo (events.js:106:13)
40 verbose stack     at Request.emit (events.js:191:7)
40 verbose stack     at Request.<anonymous> (C:\Program Files\nodejs\node_modules\npm\node_modules\request\request.js:1048:10)
40 verbose stack     at emitOne (events.js:96:13)
40 verbose stack     at Request.emit (events.js:188:7)
40 verbose stack     at IncomingMessage.<anonymous> (C:\Program Files\nodejs\node_modules\npm\node_modules\request\request.js:969:12)
41 verbose statusCode 403
42 verbose pkgid dxf-writer
43 verbose cwd C:\node\dxf_drawing
44 error Windows_NT 10.0.15063
45 error argv "C:\\Program Files\\nodejs\\node.exe" "C:\\Program Files\\nodejs\\node_modules\\npm\\bin\\npm-cli.js" "publish"
46 error node v6.10.2
47 error npm  v3.10.10
48 error code E403
49 error "You cannot publish over the previously published version 1.0.0." : dxf-writer
50 error If you need help, you may report this error at:
50 error     <https://github.com/npm/npm/issues>
51 verbose exit [ 1, true ]
